2025-11-03T01:05:07.421509Z DEBUG flox: FLOX_VERSION=1.7.4
2025-11-03T01:05:07.421833Z DEBUG flox::config: Global config directory overridden path="/home/daedalus/.config/flox"
2025-11-03T01:05:07.422160Z DEBUG flox::utils::init::sentry: Initializing Sentry with DSN: https://85c9526795f5047c99a5247aab616295:@o4506548203094016.ingest.us.sentry.io/4506548241825792
2025-11-03T01:05:07.436330Z DEBUG flox: set _FLOX_PKGDB_VERBOSITY=2
2025-11-03T01:05:07.439633Z DEBUG flox::config: Global config directory overridden path="/home/daedalus/.config/flox"
2025-11-03T01:05:07.440796Z DEBUG flox::commands: Skipping update check in development mode
2025-11-03T01:05:07.441217Z DEBUG flox::commands: Metrics collection enabled
2025-11-03T01:05:07.441378Z DEBUG flox::utils::init::catalog_client: using catalog client with url: https://api.flox.dev
2025-11-03T01:05:07.453917Z DEBUG flox::commands: feature flags configured=Features { upload: false, qa: false }
2025-11-03T01:05:07.454169Z DEBUG check-upgrade: flox::utils::metrics: pushing entry to metrics buffer: MetricEntry { subcommand: Some("check-upgrade"), extras: {}, timestamp: 2025-11-03 1:05:07.454051732 +00:00:00, uuid: 561d2fbe-5204-4431-840c-a96a5c05bf39, flox_version: "1.7.4", os_family: Some("Linux"), os_family_release: Some("6.6.87.2-microsoft-standard-WSL2"), os: Some("ubuntu"), os_version: Some("24.04"), empty_flags: [] }
2025-11-03T01:05:07.463459Z DEBUG check-upgrade: flox_rust_sdk::models::environment: detected concrete environment type: path
2025-11-03T01:05:07.463922Z DEBUG check-upgrade: flox_rust_sdk::providers::upgrade_checks: created unlocked upgrade information guard upgrade_information_path="/home/daedalus/dev/testes/floxenvs/mariadb-headless/.flox/cache/upgrade-checks.json"
2025-11-03T01:05:07.464287Z DEBUG check-upgrade: flox_rust_sdk::providers::upgrade_checks: lock acquired upgrade_information_path="/home/daedalus/dev/testes/floxenvs/mariadb-headless/.flox/cache/upgrade-checks.json"
2025-11-03T01:05:07.464406Z DEBUG check-upgrade:check-upgrade: flox_rust_sdk::models::environment::core_environment: upgrading to_upgrade=""
2025-11-03T01:05:07.464521Z DEBUG check-upgrade:check-upgrade: flox_rust_sdk::models::environment::core_environment: checking group membership for requested packages
2025-11-03T01:05:07.464524Z DEBUG check-upgrade:check-upgrade: flox_rust_sdk::models::environment::core_environment: using catalog client to upgrade
2025-11-03T01:05:07.464527Z DEBUG check-upgrade:check-upgrade: flox_rust_sdk::models::environment::core_environment: upgrading to_upgrade=""
2025-11-03T01:05:07.465216Z DEBUG check-upgrade:check-upgrade:resolve_manifest:resolve: flox_rust_sdk::providers::catalog: resolving package groups n_groups=1
2025-11-03T01:05:07.704917Z DEBUG check-upgrade:check-upgrade:resolve_manifest:resolve: flox_rust_sdk::providers::catalog: received resolved package groups n_groups=1
2025-11-03T01:05:07.728485Z DEBUG check-upgrade:check-upgrade:resolve_manifest: flox_rust_sdk::models::lockfile: no resolution failures detected
2025-11-03T01:05:07.729607Z DEBUG check-upgrade:check-upgrade:build: flox_rust_sdk::providers::buildenv: bulk checking validity of store_paths (paths passed to stdin) cmd=/nix/store/13dd4h1zp953x0ln7yyarr27d581svj0-nix-2.28.4/bin/nix --option extra-experimental-features 'nix-command flakes' path-info --offline --stdin
2025-11-03T01:05:07.763603Z DEBUG check-upgrade:check-upgrade:build: flox_rust_sdk::providers::buildenv: bulk setting gc roots for store_paths cmd="echo '/nix/store/bj7qlb084hbr73kl5akir4z8nfhnqz54-mariadb-server-11.4.8-man /nix/store/kkw2q24ikm0bm41sk2fya04fb3qk5907-mariadb-server-11.4.8' | /nix/store/13dd4h1zp953x0ln7yyarr27d581svj0-nix-2.28.4/bin/nix --option extra-experimental-features 'nix-command flakes' build --stdin --offline -j 0 --out-link /home/daedalus/.cache/flox/process/.tmpmf0zig/temp-roots/pre-checked-paths"
2025-11-03T01:05:07.802727Z DEBUG check-upgrade:check-upgrade:build: flox_rust_sdk::providers::buildenv: using 'auto' store
2025-11-03T01:05:07.802766Z DEBUG check-upgrade:check-upgrade:build: flox_rust_sdk::providers::buildenv: building environment cmd=/nix/store/13dd4h1zp953x0ln7yyarr27d581svj0-nix-2.28.4/bin/nix --option extra-experimental-features 'nix-command flakes' --option pure-eval false --print-build-logs build --no-link --offline --json --file /nix/store/pjvxc4gj4yk2h7sh6mj1zsf7kvfarczd-flox-buildenv-0.0.1/lib/buildenv.nix --argstr manifestLock /home/daedalus/.cache/flox/process/.tmpmf0zig/.tmp0YNJVV
2025-11-03T01:05:08.147405Z DEBUG check-upgrade: flox::commands::check_for_upgrades: Upgrading information with new result. diff={}
2025-11-03T01:05:08.147595Z DEBUG check-upgrade: flox_rust_sdk::providers::upgrade_checks: wrote upgrade information upgrade_information_path="/home/daedalus/dev/testes/floxenvs/mariadb-headless/.flox/cache/upgrade-checks.json"
2025-11-03T01:05:08.147760Z DEBUG flox::commands: removing process tempdir temp_dir="/home/daedalus/.cache/flox/process/.tmpmf0zig"
2025-11-03T01:05:08.148935Z DEBUG flox::utils::metrics: Sending metrics to https://z7qixlmjr3.execute-api.eu-north-1.amazonaws.com/prod/capture
2025-11-03T01:05:08.148957Z DEBUG flox::utils::metrics: Metrics: [
  {
    "event": "cli-invocation",
    "properties": {
      "$current_url": "flox://activate",
      "$device_id": "561d2fbe-5204-4431-840c-a96a5c05bf39",
      "$lib": "flox-cli",
      "$os": "Linux",
      "$pathname": "activate",
      "$set": {
        "$os": "Linux",
        "flox_cli_uuid": "561d2fbe-5204-4431-840c-a96a5c05bf39",
        "flox_version": "1.7.4",
        "kernel_version": "6.6.87.2-microsoft-standard-WSL2",
        "os": "ubuntu",
        "os_family": "Linux",
        "os_family_release": "6.6.87.2-microsoft-standard-WSL2",
        "os_version": "24.04",
        "test": true,
        "used_rust_preview": true
      },
      "$set_once": {
        "$initial_os": "Linux",
        "initial_flox_version": "1.7.4",
        "initial_kernel_version": "6.6.87.2-microsoft-standard-WSL2",
        "initial_os": "ubuntu",
        "initial_os_family": "Linux",
        "initial_os_family_release": "6.6.87.2-microsoft-standard-WSL2",
        "initial_os_version": "24.04"
      },
      "ci": false,
      "distinct_id": "561d2fbe-5204-4431-840c-a96a5c05bf39",
      "empty_flags": [],
      "extras": {
        "mode": "dev",
        "path_environment": "mysql-headless",
        "start_services": "false"
      },
      "kernel_version": "6.6.87.2-microsoft-standard-WSL2",
      "os": "ubuntu",
      "os_family": "Linux",
      "os_family_release": "6.6.87.2-microsoft-standard-WSL2",
      "os_version": "24.04",
      "subcommand": "activate"
    },
    "timestamp": "2025-11-03T01:02:14.563449910Z",
    "uuid": "bb2b5358-8890-4d58-b7ab-6ed53ff2e855"
  },
  {
    "event": "cli-invocation",
    "properties": {
      "$current_url": "flox://check-upgrade",
      "$device_id": "561d2fbe-5204-4431-840c-a96a5c05bf39",
      "$lib": "flox-cli",
      "$os": "Linux",
      "$pathname": "check-upgrade",
      "$set": {
        "$os": "Linux",
        "flox_cli_uuid": "561d2fbe-5204-4431-840c-a96a5c05bf39",
        "flox_version": "1.7.4",
        "kernel_version": "6.6.87.2-microsoft-standard-WSL2",
        "os": "ubuntu",
        "os_family": "Linux",
        "os_family_release": "6.6.87.2-microsoft-standard-WSL2",
        "os_version": "24.04",
        "test": true,
        "used_rust_preview": true
      },
      "$set_once": {
        "$initial_os": "Linux",
        "initial_flox_version": "1.7.4",
        "initial_kernel_version": "6.6.87.2-microsoft-standard-WSL2",
        "initial_os": "ubuntu",
        "initial_os_family": "Linux",
        "initial_os_family_release": "6.6.87.2-microsoft-standard-WSL2",
        "initial_os_version": "24.04"
      },
      "ci": false,
      "distinct_id": "561d2fbe-5204-4431-840c-a96a5c05bf39",
      "empty_flags": [],
      "extras": {},
      "kernel_version": "6.6.87.2-microsoft-standard-WSL2",
      "os": "ubuntu",
      "os_family": "Linux",
      "os_family_release": "6.6.87.2-microsoft-standard-WSL2",
      "os_version": "24.04",
      "subcommand": "check-upgrade"
    },
    "timestamp": "2025-11-03T01:02:14.609288122Z",
    "uuid": "89bf01fd-3077-41d0-bb8a-581be709a59e"
  },
  {
    "event": "cli-invocation",
    "properties": {
      "$current_url": "flox://activate",
      "$device_id": "561d2fbe-5204-4431-840c-a96a5c05bf39",
      "$lib": "flox-cli",
      "$os": "Linux",
      "$pathname": "activate",
      "$set": {
        "$os": "Linux",
        "flox_cli_uuid": "561d2fbe-5204-4431-840c-a96a5c05bf39",
        "flox_version": "1.7.4",
        "kernel_version": "6.6.87.2-microsoft-standard-WSL2",
        "os": "ubuntu",
        "os_family": "Linux",
        "os_family_release": "6.6.87.2-microsoft-standard-WSL2",
        "os_version": "24.04",
        "test": true,
        "used_rust_preview": true
      },
      "$set_once": {
        "$initial_os": "Linux",
        "initial_flox_version": "1.7.4",
        "initial_kernel_version": "6.6.87.2-microsoft-standard-WSL2",
        "initial_os": "ubuntu",
        "initial_os_family": "Linux",
        "initial_os_family_release": "6.6.87.2-microsoft-standard-WSL2",
        "initial_os_version": "24.04"
      },
      "ci": false,
      "distinct_id": "561d2fbe-5204-4431-840c-a96a5c05bf39",
      "empty_flags": [],
      "extras": {
        "has_includes": "false"
      },
      "kernel_version": "6.6.87.2-microsoft-standard-WSL2",
      "os": "ubuntu",
      "os_family": "Linux",
      "os_family_release": "6.6.87.2-microsoft-standard-WSL2",
      "os_version": "24.04",
      "subcommand": "activate"
    },
    "timestamp": "2025-11-03T01:02:14.929606967Z",
    "uuid": "926021b2-111e-419c-af4f-edad477c8601"
  },
  {
    "event": "cli-invocation",
    "properties": {
      "$current_url": "flox://activate#version",
      "$device_id": "561d2fbe-5204-4431-840c-a96a5c05bf39",
      "$lib": "flox-cli",
      "$os": "Linux",
      "$pathname": "activate#version",
      "$set": {
        "$os": "Linux",
        "flox_cli_uuid": "561d2fbe-5204-4431-840c-a96a5c05bf39",
        "flox_version": "1.7.4",
        "kernel_version": "6.6.87.2-microsoft-standard-WSL2",
        "os": "ubuntu",
        "os_family": "Linux",
        "os_family_release": "6.6.87.2-microsoft-standard-WSL2",
        "os_version": "24.04",
        "test": true,
        "used_rust_preview": true
      },
      "$set_once": {
        "$initial_os": "Linux",
        "initial_flox_version": "1.7.4",
        "initial_kernel_version": "6.6.87.2-microsoft-standard-WSL2",
        "initial_os": "ubuntu",
        "initial_os_family": "Linux",
        "initial_os_family_release": "6.6.87.2-microsoft-standard-WSL2",
        "initial_os_version": "24.04"
      },
      "ci": false,
      "distinct_id": "561d2fbe-5204-4431-840c-a96a5c05bf39",
      "empty_flags": [],
      "extras": {
        "lockfile_version": "1"
      },
      "kernel_version": "6.6.87.2-microsoft-standard-WSL2",
      "os": "ubuntu",
      "os_family": "Linux",
      "os_family_release": "6.6.87.2-microsoft-standard-WSL2",
      "os_version": "24.04",
      "subcommand": "activate#version"
    },
    "timestamp": "2025-11-03T01:02:15.445491935Z",
    "uuid": "d333983a-30ee-4f30-bce2-0adbddc66cc2"
  },
  {
    "event": "cli-invocation",
    "properties": {
      "$current_url": "flox://activate#version",
      "$device_id": "561d2fbe-5204-4431-840c-a96a5c05bf39",
      "$lib": "flox-cli",
      "$os": "Linux",
      "$pathname": "activate#version",
      "$set": {
        "$os": "Linux",
        "flox_cli_uuid": "561d2fbe-5204-4431-840c-a96a5c05bf39",
        "flox_version": "1.7.4",
        "kernel_version": "6.6.87.2-microsoft-standard-WSL2",
        "os": "ubuntu",
        "os_family": "Linux",
        "os_family_release": "6.6.87.2-microsoft-standard-WSL2",
        "os_version": "24.04",
        "test": true,
        "used_rust_preview": true
      },
      "$set_once": {
        "$initial_os": "Linux",
        "initial_flox_version": "1.7.4",
        "initial_kernel_version": "6.6.87.2-microsoft-standard-WSL2",
        "initial_os": "ubuntu",
        "initial_os_family": "Linux",
        "initial_os_family_release": "6.6.87.2-microsoft-standard-WSL2",
        "initial_os_version": "24.04"
      },
      "ci": false,
      "distinct_id": "561d2fbe-5204-4431-840c-a96a5c05bf39",
      "empty_flags": [],
      "extras": {
        "lockfile_version": "1"
      },
      "kernel_version": "6.6.87.2-microsoft-standard-WSL2",
      "os": "ubuntu",
      "os_family": "Linux",
      "os_family_release": "6.6.87.2-microsoft-standard-WSL2",
      "os_version": "24.04",
      "subcommand": "activate#version"
    },
    "timestamp": "2025-11-03T01:02:15.445799085Z",
    "uuid": "0ff045df-0cc6-42f9-8b32-e5b64c980747"
  },
  {
    "event": "cli-invocation",
    "properties": {
      "$current_url": "flox://activate",
      "$device_id": "561d2fbe-5204-4431-840c-a96a5c05bf39",
      "$lib": "flox-cli",
      "$os": "Linux",
      "$pathname": "activate",
      "$set": {
        "$os": "Linux",
        "flox_cli_uuid": "561d2fbe-5204-4431-840c-a96a5c05bf39",
        "flox_version": "1.7.4",
        "kernel_version": "6.6.87.2-microsoft-standard-WSL2",
        "os": "ubuntu",
        "os_family": "Linux",
        "os_family_release": "6.6.87.2-microsoft-standard-WSL2",
        "os_version": "24.04",
        "test": true,
        "used_rust_preview": true
      },
      "$set_once": {
        "$initial_os": "Linux",
        "initial_flox_version": "1.7.4",
        "initial_kernel_version": "6.6.87.2-microsoft-standard-WSL2",
        "initial_os": "ubuntu",
        "initial_os_family": "Linux",
        "initial_os_family_release": "6.6.87.2-microsoft-standard-WSL2",
        "initial_os_version": "24.04"
      },
      "ci": false,
      "distinct_id": "561d2fbe-5204-4431-840c-a96a5c05bf39",
      "empty_flags": [],
      "extras": {
        "shell": "bash"
      },
      "kernel_version": "6.6.87.2-microsoft-standard-WSL2",
      "os": "ubuntu",
      "os_family": "Linux",
      "os_family_release": "6.6.87.2-microsoft-standard-WSL2",
      "os_version": "24.04",
      "subcommand": "activate"
    },
    "timestamp": "2025-11-03T01:02:15.445980241Z",
    "uuid": "cf53ae8d-0cf9-43dc-ad73-34951ad3cda5"
  },
  {
    "event": "cli-invocation",
    "properties": {
      "$current_url": "flox://activate",
      "$device_id": "561d2fbe-5204-4431-840c-a96a5c05bf39",
      "$lib": "flox-cli",
      "$os": "Linux",
      "$pathname": "activate",
      "$set": {
        "$os": "Linux",
        "flox_cli_uuid": "561d2fbe-5204-4431-840c-a96a5c05bf39",
        "flox_version": "1.7.4",
        "kernel_version": "6.6.87.2-microsoft-standard-WSL2",
        "os": "ubuntu",
        "os_family": "Linux",
        "os_family_release": "6.6.87.2-microsoft-standard-WSL2",
        "os_version": "24.04",
        "test": true,
        "used_rust_preview": true
      },
      "$set_once": {
        "$initial_os": "Linux",
        "initial_flox_version": "1.7.4",
        "initial_kernel_version": "6.6.87.2-microsoft-standard-WSL2",
        "initial_os": "ubuntu",
        "initial_os_family": "Linux",
        "initial_os_family_release": "6.6.87.2-microsoft-standard-WSL2",
        "initial_os_version": "24.04"
      },
      "ci": false,
      "distinct_id": "561d2fbe-5204-4431-840c-a96a5c05bf39",
      "empty_flags": [],
      "extras": {
        "mode": "dev",
        "path_environment": "mariadb-headless",
        "start_services": "false"
      },
      "kernel_version": "6.6.87.2-microsoft-standard-WSL2",
      "os": "ubuntu",
      "os_family": "Linux",
      "os_family_release": "6.6.87.2-microsoft-standard-WSL2",
      "os_version": "24.04",
      "subcommand": "activate"
    },
    "timestamp": "2025-11-03T01:02:32.496553948Z",
    "uuid": "60ce52a3-e395-4fa5-b2d1-8687769a4f0b"
  },
  {
    "event": "cli-invocation",
    "properties": {
      "$current_url": "flox://check-upgrade",
      "$device_id": "561d2fbe-5204-4431-840c-a96a5c05bf39",
      "$lib": "flox-cli",
      "$os": "Linux",
      "$pathname": "check-upgrade",
      "$set": {
        "$os": "Linux",
        "flox_cli_uuid": "561d2fbe-5204-4431-840c-a96a5c05bf39",
        "flox_version": "1.7.4",
        "kernel_version": "6.6.87.2-microsoft-standard-WSL2",
        "os": "ubuntu",
        "os_family": "Linux",
        "os_family_release": "6.6.87.2-microsoft-standard-WSL2",
        "os_version": "24.04",
        "test": true,
        "used_rust_preview": true
      },
      "$set_once": {
        "$initial_os": "Linux",
        "initial_flox_version": "1.7.4",
        "initial_kernel_version": "6.6.87.2-microsoft-standard-WSL2",
        "initial_os": "ubuntu",
        "initial_os_family": "Linux",
        "initial_os_family_release": "6.6.87.2-microsoft-standard-WSL2",
        "initial_os_version": "24.04"
      },
      "ci": false,
      "distinct_id": "561d2fbe-5204-4431-840c-a96a5c05bf39",
      "empty_flags": [],
      "extras": {},
      "kernel_version": "6.6.87.2-microsoft-standard-WSL2",
      "os": "ubuntu",
      "os_family": "Linux",
      "os_family_release": "6.6.87.2-microsoft-standard-WSL2",
      "os_version": "24.04",
      "subcommand": "check-upgrade"
    },
    "timestamp": "2025-11-03T01:02:32.532580338Z",
    "uuid": "3b4acd0e-cd70-43a1-855d-c68d7ba70eb1"
  },
  {
    "event": "cli-invocation",
    "properties": {
      "$current_url": "flox://activate",
      "$device_id": "561d2fbe-5204-4431-840c-a96a5c05bf39",
      "$lib": "flox-cli",
      "$os": "Linux",
      "$pathname": "activate",
      "$set": {
        "$os": "Linux",
        "flox_cli_uuid": "561d2fbe-5204-4431-840c-a96a5c05bf39",
        "flox_version": "1.7.4",
        "kernel_version": "6.6.87.2-microsoft-standard-WSL2",
        "os": "ubuntu",
        "os_family": "Linux",
        "os_family_release": "6.6.87.2-microsoft-standard-WSL2",
        "os_version": "24.04",
        "test": true,
        "used_rust_preview": true
      },
      "$set_once": {
        "$initial_os": "Linux",
        "initial_flox_version": "1.7.4",
        "initial_kernel_version": "6.6.87.2-microsoft-standard-WSL2",
        "initial_os": "ubuntu",
        "initial_os_family": "Linux",
        "initial_os_family_release": "6.6.87.2-microsoft-standard-WSL2",
        "initial_os_version": "24.04"
      },
      "ci": false,
      "distinct_id": "561d2fbe-5204-4431-840c-a96a5c05bf39",
      "empty_flags": [],
      "extras": {
        "has_includes": "false"
      },
      "kernel_version": "6.6.87.2-microsoft-standard-WSL2",
      "os": "ubuntu",
      "os_family": "Linux",
      "os_family_release": "6.6.87.2-microsoft-standard-WSL2",
      "os_version": "24.04",
      "subcommand": "activate"
    },
    "timestamp": "2025-11-03T01:02:32.839403435Z",
    "uuid": "d7f74c12-7c2f-4873-88df-ae898f3186ed"
  },
  {
    "event": "cli-invocation",
    "properties": {
      "$current_url": "flox://activate#version",
      "$device_id": "561d2fbe-5204-4431-840c-a96a5c05bf39",
      "$lib": "flox-cli",
      "$os": "Linux",
      "$pathname": "activate#version",
      "$set": {
        "$os": "Linux",
        "flox_cli_uuid": "561d2fbe-5204-4431-840c-a96a5c05bf39",
        "flox_version": "1.7.4",
        "kernel_version": "6.6.87.2-microsoft-standard-WSL2",
        "os": "ubuntu",
        "os_family": "Linux",
        "os_family_release": "6.6.87.2-microsoft-standard-WSL2",
        "os_version": "24.04",
        "test": true,
        "used_rust_preview": true
      },
      "$set_once": {
        "$initial_os": "Linux",
        "initial_flox_version": "1.7.4",
        "initial_kernel_version": "6.6.87.2-microsoft-standard-WSL2",
        "initial_os": "ubuntu",
        "initial_os_family": "Linux",
        "initial_os_family_release": "6.6.87.2-microsoft-standard-WSL2",
        "initial_os_version": "24.04"
      },
      "ci": false,
      "distinct_id": "561d2fbe-5204-4431-840c-a96a5c05bf39",
      "empty_flags": [],
      "extras": {
        "lockfile_version": "1"
      },
      "kernel_version": "6.6.87.2-microsoft-standard-WSL2",
      "os": "ubuntu",
      "os_family": "Linux",
      "os_family_release": "6.6.87.2-microsoft-standard-WSL2",
      "os_version": "24.04",
      "subcommand": "activate#version"
    },
    "timestamp": "2025-11-03T01:02:36.240108041Z",
    "uuid": "641591d7-776a-4aa7-845f-4c86dc020ddd"
  },
  {
    "event": "cli-invocation",
    "properties": {
      "$current_url": "flox://activate#version",
      "$device_id": "561d2fbe-5204-4431-840c-a96a5c05bf39",
      "$lib": "flox-cli",
      "$os": "Linux",
      "$pathname": "activate#version",
      "$set": {
        "$os": "Linux",
        "flox_cli_uuid": "561d2fbe-5204-4431-840c-a96a5c05bf39",
        "flox_version": "1.7.4",
        "kernel_version": "6.6.87.2-microsoft-standard-WSL2",
        "os": "ubuntu",
        "os_family": "Linux",
        "os_family_release": "6.6.87.2-microsoft-standard-WSL2",
        "os_version": "24.04",
        "test": true,
        "used_rust_preview": true
      },
      "$set_once": {
        "$initial_os": "Linux",
        "initial_flox_version": "1.7.4",
        "initial_kernel_version": "6.6.87.2-microsoft-standard-WSL2",
        "initial_os": "ubuntu",
        "initial_os_family": "Linux",
        "initial_os_family_release": "6.6.87.2-microsoft-standard-WSL2",
        "initial_os_version": "24.04"
      },
      "ci": false,
      "distinct_id": "561d2fbe-5204-4431-840c-a96a5c05bf39",
      "empty_flags": [],
      "extras": {
        "lockfile_version": "1"
      },
      "kernel_version": "6.6.87.2-microsoft-standard-WSL2",
      "os": "ubuntu",
      "os_family": "Linux",
      "os_family_release": "6.6.87.2-microsoft-standard-WSL2",
      "os_version": "24.04",
      "subcommand": "activate#version"
    },
    "timestamp": "2025-11-03T01:02:36.240661534Z",
    "uuid": "62049edb-420c-4291-8f74-4f287267e27c"
  },
  {
    "event": "cli-invocation",
    "properties": {
      "$current_url": "flox://activate",
      "$device_id": "561d2fbe-5204-4431-840c-a96a5c05bf39",
      "$lib": "flox-cli",
      "$os": "Linux",
      "$pathname": "activate",
      "$set": {
        "$os": "Linux",
        "flox_cli_uuid": "561d2fbe-5204-4431-840c-a96a5c05bf39",
        "flox_version": "1.7.4",
        "kernel_version": "6.6.87.2-microsoft-standard-WSL2",
        "os": "ubuntu",
        "os_family": "Linux",
        "os_family_release": "6.6.87.2-microsoft-standard-WSL2",
        "os_version": "24.04",
        "test": true,
        "used_rust_preview": true
      },
      "$set_once": {
        "$initial_os": "Linux",
        "initial_flox_version": "1.7.4",
        "initial_kernel_version": "6.6.87.2-microsoft-standard-WSL2",
        "initial_os": "ubuntu",
        "initial_os_family": "Linux",
        "initial_os_family_release": "6.6.87.2-microsoft-standard-WSL2",
        "initial_os_version": "24.04"
      },
      "ci": false,
      "distinct_id": "561d2fbe-5204-4431-840c-a96a5c05bf39",
      "empty_flags": [],
      "extras": {
        "shell": "bash"
      },
      "kernel_version": "6.6.87.2-microsoft-standard-WSL2",
      "os": "ubuntu",
      "os_family": "Linux",
      "os_family_release": "6.6.87.2-microsoft-standard-WSL2",
      "os_version": "24.04",
      "subcommand": "activate"
    },
    "timestamp": "2025-11-03T01:02:36.240867980Z",
    "uuid": "2cbe9d74-4bef-4121-a5b7-be3ad21cfc03"
  },
  {
    "event": "cli-invocation",
    "properties": {
      "$current_url": "flox://activate",
      "$device_id": "561d2fbe-5204-4431-840c-a96a5c05bf39",
      "$lib": "flox-cli",
      "$os": "Linux",
      "$pathname": "activate",
      "$set": {
        "$os": "Linux",
        "flox_cli_uuid": "561d2fbe-5204-4431-840c-a96a5c05bf39",
        "flox_version": "1.7.4",
        "kernel_version": "6.6.87.2-microsoft-standard-WSL2",
        "os": "ubuntu",
        "os_family": "Linux",
        "os_family_release": "6.6.87.2-microsoft-standard-WSL2",
        "os_version": "24.04",
        "test": true,
        "used_rust_preview": true
      },
      "$set_once": {
        "$initial_os": "Linux",
        "initial_flox_version": "1.7.4",
        "initial_kernel_version": "6.6.87.2-microsoft-standard-WSL2",
        "initial_os": "ubuntu",
        "initial_os_family": "Linux",
        "initial_os_family_release": "6.6.87.2-microsoft-standard-WSL2",
        "initial_os_version": "24.04"
      },
      "ci": false,
      "distinct_id": "561d2fbe-5204-4431-840c-a96a5c05bf39",
      "empty_flags": [],
      "extras": {
        "mode": "dev",
        "path_environment": "mariadb-headless",
        "start_services": "false"
      },
      "kernel_version": "6.6.87.2-microsoft-standard-WSL2",
      "os": "ubuntu",
      "os_family": "Linux",
      "os_family_release": "6.6.87.2-microsoft-standard-WSL2",
      "os_version": "24.04",
      "subcommand": "activate"
    },
    "timestamp": "2025-11-03T01:03:00.812247623Z",
    "uuid": "f558f1ba-c38a-4db4-a594-74f9a1963edc"
  },
  {
    "event": "cli-invocation",
    "properties": {
      "$current_url": "flox://activate",
      "$device_id": "561d2fbe-5204-4431-840c-a96a5c05bf39",
      "$lib": "flox-cli",
      "$os": "Linux",
      "$pathname": "activate",
      "$set": {
        "$os": "Linux",
        "flox_cli_uuid": "561d2fbe-5204-4431-840c-a96a5c05bf39",
        "flox_version": "1.7.4",
        "kernel_version": "6.6.87.2-microsoft-standard-WSL2",
        "os": "ubuntu",
        "os_family": "Linux",
        "os_family_release": "6.6.87.2-microsoft-standard-WSL2",
        "os_version": "24.04",
        "test": true,
        "used_rust_preview": true
      },
      "$set_once": {
        "$initial_os": "Linux",
        "initial_flox_version": "1.7.4",
        "initial_kernel_version": "6.6.87.2-microsoft-standard-WSL2",
        "initial_os": "ubuntu",
        "initial_os_family": "Linux",
        "initial_os_family_release": "6.6.87.2-microsoft-standard-WSL2",
        "initial_os_version": "24.04"
      },
      "ci": false,
      "distinct_id": "561d2fbe-5204-4431-840c-a96a5c05bf39",
      "empty_flags": [],
      "extras": {
        "has_includes": "false"
      },
      "kernel_version": "6.6.87.2-microsoft-standard-WSL2",
      "os": "ubuntu",
      "os_family": "Linux",
      "os_family_release": "6.6.87.2-microsoft-standard-WSL2",
      "os_version": "24.04",
      "subcommand": "activate"
    },
    "timestamp": "2025-11-03T01:03:00.815324231Z",
    "uuid": "37770373-c289-4af7-be15-3dd44658fe78"
  },
  {
    "event": "cli-invocation",
    "properties": {
      "$current_url": "flox://activate#version",
      "$device_id": "561d2fbe-5204-4431-840c-a96a5c05bf39",
      "$lib": "flox-cli",
      "$os": "Linux",
      "$pathname": "activate#version",
      "$set": {
        "$os": "Linux",
        "flox_cli_uuid": "561d2fbe-5204-4431-840c-a96a5c05bf39",
        "flox_version": "1.7.4",
        "kernel_version": "6.6.87.2-microsoft-standard-WSL2",
        "os": "ubuntu",
        "os_family": "Linux",
        "os_family_release": "6.6.87.2-microsoft-standard-WSL2",
        "os_version": "24.04",
        "test": true,
        "used_rust_preview": true
      },
      "$set_once": {
        "$initial_os": "Linux",
        "initial_flox_version": "1.7.4",
        "initial_kernel_version": "6.6.87.2-microsoft-standard-WSL2",
        "initial_os": "ubuntu",
        "initial_os_family": "Linux",
        "initial_os_family_release": "6.6.87.2-microsoft-standard-WSL2",
        "initial_os_version": "24.04"
      },
      "ci": false,
      "distinct_id": "561d2fbe-5204-4431-840c-a96a5c05bf39",
      "empty_flags": [],
      "extras": {
        "lockfile_version": "1"
      },
      "kernel_version": "6.6.87.2-microsoft-standard-WSL2",
      "os": "ubuntu",
      "os_family": "Linux",
      "os_family_release": "6.6.87.2-microsoft-standard-WSL2",
      "os_version": "24.04",
      "subcommand": "activate#version"
    },
    "timestamp": "2025-11-03T01:03:00.815469993Z",
    "uuid": "2ec7ef70-9a7a-4327-b58b-1f9cd3754777"
  },
  {
    "event": "cli-invocation",
    "properties": {
      "$current_url": "flox://activate#version",
      "$device_id": "561d2fbe-5204-4431-840c-a96a5c05bf39",
      "$lib": "flox-cli",
      "$os": "Linux",
      "$pathname": "activate#version",
      "$set": {
        "$os": "Linux",
        "flox_cli_uuid": "561d2fbe-5204-4431-840c-a96a5c05bf39",
        "flox_version": "1.7.4",
        "kernel_version": "6.6.87.2-microsoft-standard-WSL2",
        "os": "ubuntu",
        "os_family": "Linux",
        "os_family_release": "6.6.87.2-microsoft-standard-WSL2",
        "os_version": "24.04",
        "test": true,
        "used_rust_preview": true
      },
      "$set_once": {
        "$initial_os": "Linux",
        "initial_flox_version": "1.7.4",
        "initial_kernel_version": "6.6.87.2-microsoft-standard-WSL2",
        "initial_os": "ubuntu",
        "initial_os_family": "Linux",
        "initial_os_family_release": "6.6.87.2-microsoft-standard-WSL2",
        "initial_os_version": "24.04"
      },
      "ci": false,
      "distinct_id": "561d2fbe-5204-4431-840c-a96a5c05bf39",
      "empty_flags": [],
      "extras": {
        "lockfile_version": "1"
      },
      "kernel_version": "6.6.87.2-microsoft-standard-WSL2",
      "os": "ubuntu",
      "os_family": "Linux",
      "os_family_release": "6.6.87.2-microsoft-standard-WSL2",
      "os_version": "24.04",
      "subcommand": "activate#version"
    },
    "timestamp": "2025-11-03T01:03:00.815531765Z",
    "uuid": "d6375e5a-82ea-4adf-8775-a2d080fba1ec"
  },
  {
    "event": "cli-invocation",
    "properties": {
      "$current_url": "flox://activate",
      "$device_id": "561d2fbe-5204-4431-840c-a96a5c05bf39",
      "$lib": "flox-cli",
      "$os": "Linux",
      "$pathname": "activate",
      "$set": {
        "$os": "Linux",
        "flox_cli_uuid": "561d2fbe-5204-4431-840c-a96a5c05bf39",
        "flox_version": "1.7.4",
        "kernel_version": "6.6.87.2-microsoft-standard-WSL2",
        "os": "ubuntu",
        "os_family": "Linux",
        "os_family_release": "6.6.87.2-microsoft-standard-WSL2",
        "os_version": "24.04",
        "test": true,
        "used_rust_preview": true
      },
      "$set_once": {
        "$initial_os": "Linux",
        "initial_flox_version": "1.7.4",
        "initial_kernel_version": "6.6.87.2-microsoft-standard-WSL2",
        "initial_os": "ubuntu",
        "initial_os_family": "Linux",
        "initial_os_family_release": "6.6.87.2-microsoft-standard-WSL2",
        "initial_os_version": "24.04"
      },
      "ci": false,
      "distinct_id": "561d2fbe-5204-4431-840c-a96a5c05bf39",
      "empty_flags": [],
      "extras": {
        "shell": "bash"
      },
      "kernel_version": "6.6.87.2-microsoft-standard-WSL2",
      "os": "ubuntu",
      "os_family": "Linux",
      "os_family_release": "6.6.87.2-microsoft-standard-WSL2",
      "os_version": "24.04",
      "subcommand": "activate"
    },
    "timestamp": "2025-11-03T01:03:00.815637380Z",
    "uuid": "e09c05e2-3c67-46b6-85d4-91b662fd61cf"
  },
  {
    "event": "cli-invocation",
    "properties": {
      "$current_url": "flox://check-upgrade",
      "$device_id": "561d2fbe-5204-4431-840c-a96a5c05bf39",
      "$lib": "flox-cli",
      "$os": "Linux",
      "$pathname": "check-upgrade",
      "$set": {
        "$os": "Linux",
        "flox_cli_uuid": "561d2fbe-5204-4431-840c-a96a5c05bf39",
        "flox_version": "1.7.4",
        "kernel_version": "6.6.87.2-microsoft-standard-WSL2",
        "os": "ubuntu",
        "os_family": "Linux",
        "os_family_release": "6.6.87.2-microsoft-standard-WSL2",
        "os_version": "24.04",
        "test": true,
        "used_rust_preview": true
      },
      "$set_once": {
        "$initial_os": "Linux",
        "initial_flox_version": "1.7.4",
        "initial_kernel_version": "6.6.87.2-microsoft-standard-WSL2",
        "initial_os": "ubuntu",
        "initial_os_family": "Linux",
        "initial_os_family_release": "6.6.87.2-microsoft-standard-WSL2",
        "initial_os_version": "24.04"
      },
      "ci": false,
      "distinct_id": "561d2fbe-5204-4431-840c-a96a5c05bf39",
      "empty_flags": [],
      "extras": {},
      "kernel_version": "6.6.87.2-microsoft-standard-WSL2",
      "os": "ubuntu",
      "os_family": "Linux",
      "os_family_release": "6.6.87.2-microsoft-standard-WSL2",
      "os_version": "24.04",
      "subcommand": "check-upgrade"
    },
    "timestamp": "2025-11-03T01:03:00.851539970Z",
    "uuid": "5435f0bf-16ea-4b2e-a156-04e2c0ae2ae7"
  },
  {
    "event": "cli-invocation",
    "properties": {
      "$current_url": "flox://activate",
      "$device_id": "561d2fbe-5204-4431-840c-a96a5c05bf39",
      "$lib": "flox-cli",
      "$os": "Linux",
      "$pathname": "activate",
      "$set": {
        "$os": "Linux",
        "flox_cli_uuid": "561d2fbe-5204-4431-840c-a96a5c05bf39",
        "flox_version": "1.7.4",
        "kernel_version": "6.6.87.2-microsoft-standard-WSL2",
        "os": "ubuntu",
        "os_family": "Linux",
        "os_family_release": "6.6.87.2-microsoft-standard-WSL2",
        "os_version": "24.04",
        "test": true,
        "used_rust_preview": true
      },
      "$set_once": {
        "$initial_os": "Linux",
        "initial_flox_version": "1.7.4",
        "initial_kernel_version": "6.6.87.2-microsoft-standard-WSL2",
        "initial_os": "ubuntu",
        "initial_os_family": "Linux",
        "initial_os_family_release": "6.6.87.2-microsoft-standard-WSL2",
        "initial_os_version": "24.04"
      },
      "ci": false,
      "distinct_id": "561d2fbe-5204-4431-840c-a96a5c05bf39",
      "empty_flags": [],
      "extras": {
        "mode": "dev",
        "path_environment": "mariadb-headless",
        "start_services": "false"
      },
      "kernel_version": "6.6.87.2-microsoft-standard-WSL2",
      "os": "ubuntu",
      "os_family": "Linux",
      "os_family_release": "6.6.87.2-microsoft-standard-WSL2",
      "os_version": "24.04",
      "subcommand": "activate"
    },
    "timestamp": "2025-11-03T01:04:06.638415821Z",
    "uuid": "f7018e0b-4e67-4748-a167-ff8e1362e63e"
  },
  {
    "event": "cli-invocation",
    "properties": {
      "$current_url": "flox://activate",
      "$device_id": "561d2fbe-5204-4431-840c-a96a5c05bf39",
      "$lib": "flox-cli",
      "$os": "Linux",
      "$pathname": "activate",
      "$set": {
        "$os": "Linux",
        "flox_cli_uuid": "561d2fbe-5204-4431-840c-a96a5c05bf39",
        "flox_version": "1.7.4",
        "kernel_version": "6.6.87.2-microsoft-standard-WSL2",
        "os": "ubuntu",
        "os_family": "Linux",
        "os_family_release": "6.6.87.2-microsoft-standard-WSL2",
        "os_version": "24.04",
        "test": true,
        "used_rust_preview": true
      },
      "$set_once": {
        "$initial_os": "Linux",
        "initial_flox_version": "1.7.4",
        "initial_kernel_version": "6.6.87.2-microsoft-standard-WSL2",
        "initial_os": "ubuntu",
        "initial_os_family": "Linux",
        "initial_os_family_release": "6.6.87.2-microsoft-standard-WSL2",
        "initial_os_version": "24.04"
      },
      "ci": false,
      "distinct_id": "561d2fbe-5204-4431-840c-a96a5c05bf39",
      "empty_flags": [],
      "extras": {
        "has_includes": "false"
      },
      "kernel_version": "6.6.87.2-microsoft-standard-WSL2",
      "os": "ubuntu",
      "os_family": "Linux",
      "os_family_release": "6.6.87.2-microsoft-standard-WSL2",
      "os_version": "24.04",
      "subcommand": "activate"
    },
    "timestamp": "2025-11-03T01:04:06.642764921Z",
    "uuid": "d5ad8bb9-14f4-4e30-ab2c-e1b6d79ad980"
  },
  {
    "event": "cli-invocation",
    "properties": {
      "$current_url": "flox://check-upgrade",
      "$device_id": "561d2fbe-5204-4431-840c-a96a5c05bf39",
      "$lib": "flox-cli",
      "$os": "Linux",
      "$pathname": "check-upgrade",
      "$set": {
        "$os": "Linux",
        "flox_cli_uuid": "561d2fbe-5204-4431-840c-a96a5c05bf39",
        "flox_version": "1.7.4",
        "kernel_version": "6.6.87.2-microsoft-standard-WSL2",
        "os": "ubuntu",
        "os_family": "Linux",
        "os_family_release": "6.6.87.2-microsoft-standard-WSL2",
        "os_version": "24.04",
        "test": true,
        "used_rust_preview": true
      },
      "$set_once": {
        "$initial_os": "Linux",
        "initial_flox_version": "1.7.4",
        "initial_kernel_version": "6.6.87.2-microsoft-standard-WSL2",
        "initial_os": "ubuntu",
        "initial_os_family": "Linux",
        "initial_os_family_release": "6.6.87.2-microsoft-standard-WSL2",
        "initial_os_version": "24.04"
      },
      "ci": false,
      "distinct_id": "561d2fbe-5204-4431-840c-a96a5c05bf39",
      "empty_flags": [],
      "extras": {},
      "kernel_version": "6.6.87.2-microsoft-standard-WSL2",
      "os": "ubuntu",
      "os_family": "Linux",
      "os_family_release": "6.6.87.2-microsoft-standard-WSL2",
      "os_version": "24.04",
      "subcommand": "check-upgrade"
    },
    "timestamp": "2025-11-03T01:04:06.680531885Z",
    "uuid": "2aec2da3-725a-4fe2-9b2b-f7ebae9a6f91"
  },
  {
    "event": "cli-invocation",
    "properties": {
      "$current_url": "flox://activate#version",
      "$device_id": "561d2fbe-5204-4431-840c-a96a5c05bf39",
      "$lib": "flox-cli",
      "$os": "Linux",
      "$pathname": "activate#version",
      "$set": {
        "$os": "Linux",
        "flox_cli_uuid": "561d2fbe-5204-4431-840c-a96a5c05bf39",
        "flox_version": "1.7.4",
        "kernel_version": "6.6.87.2-microsoft-standard-WSL2",
        "os": "ubuntu",
        "os_family": "Linux",
        "os_family_release": "6.6.87.2-microsoft-standard-WSL2",
        "os_version": "24.04",
        "test": true,
        "used_rust_preview": true
      },
      "$set_once": {
        "$initial_os": "Linux",
        "initial_flox_version": "1.7.4",
        "initial_kernel_version": "6.6.87.2-microsoft-standard-WSL2",
        "initial_os": "ubuntu",
        "initial_os_family": "Linux",
        "initial_os_family_release": "6.6.87.2-microsoft-standard-WSL2",
        "initial_os_version": "24.04"
      },
      "ci": false,
      "distinct_id": "561d2fbe-5204-4431-840c-a96a5c05bf39",
      "empty_flags": [],
      "extras": {
        "lockfile_version": "1"
      },
      "kernel_version": "6.6.87.2-microsoft-standard-WSL2",
      "os": "ubuntu",
      "os_family": "Linux",
      "os_family_release": "6.6.87.2-microsoft-standard-WSL2",
      "os_version": "24.04",
      "subcommand": "activate#version"
    },
    "timestamp": "2025-11-03T01:04:07.115908972Z",
    "uuid": "c4f05905-3a7c-4680-95e9-a2a9eed871d2"
  },
  {
    "event": "cli-invocation",
    "properties": {
      "$current_url": "flox://activate#version",
      "$device_id": "561d2fbe-5204-4431-840c-a96a5c05bf39",
      "$lib": "flox-cli",
      "$os": "Linux",
      "$pathname": "activate#version",
      "$set": {
        "$os": "Linux",
        "flox_cli_uuid": "561d2fbe-5204-4431-840c-a96a5c05bf39",
        "flox_version": "1.7.4",
        "kernel_version": "6.6.87.2-microsoft-standard-WSL2",
        "os": "ubuntu",
        "os_family": "Linux",
        "os_family_release": "6.6.87.2-microsoft-standard-WSL2",
        "os_version": "24.04",
        "test": true,
        "used_rust_preview": true
      },
      "$set_once": {
        "$initial_os": "Linux",
        "initial_flox_version": "1.7.4",
        "initial_kernel_version": "6.6.87.2-microsoft-standard-WSL2",
        "initial_os": "ubuntu",
        "initial_os_family": "Linux",
        "initial_os_family_release": "6.6.87.2-microsoft-standard-WSL2",
        "initial_os_version": "24.04"
      },
      "ci": false,
      "distinct_id": "561d2fbe-5204-4431-840c-a96a5c05bf39",
      "empty_flags": [],
      "extras": {
        "lockfile_version": "1"
      },
      "kernel_version": "6.6.87.2-microsoft-standard-WSL2",
      "os": "ubuntu",
      "os_family": "Linux",
      "os_family_release": "6.6.87.2-microsoft-standard-WSL2",
      "os_version": "24.04",
      "subcommand": "activate#version"
    },
    "timestamp": "2025-11-03T01:04:07.116122256Z",
    "uuid": "ffbf7e50-b269-42d3-a880-1d1f1b5e755a"
  },
  {
    "event": "cli-invocation",
    "properties": {
      "$current_url": "flox://activate",
      "$device_id": "561d2fbe-5204-4431-840c-a96a5c05bf39",
      "$lib": "flox-cli",
      "$os": "Linux",
      "$pathname": "activate",
      "$set": {
        "$os": "Linux",
        "flox_cli_uuid": "561d2fbe-5204-4431-840c-a96a5c05bf39",
        "flox_version": "1.7.4",
        "kernel_version": "6.6.87.2-microsoft-standard-WSL2",
        "os": "ubuntu",
        "os_family": "Linux",
        "os_family_release": "6.6.87.2-microsoft-standard-WSL2",
        "os_version": "24.04",
        "test": true,
        "used_rust_preview": true
      },
      "$set_once": {
        "$initial_os": "Linux",
        "initial_flox_version": "1.7.4",
        "initial_kernel_version": "6.6.87.2-microsoft-standard-WSL2",
        "initial_os": "ubuntu",
        "initial_os_family": "Linux",
        "initial_os_family_release": "6.6.87.2-microsoft-standard-WSL2",
        "initial_os_version": "24.04"
      },
      "ci": false,
      "distinct_id": "561d2fbe-5204-4431-840c-a96a5c05bf39",
      "empty_flags": [],
      "extras": {
        "shell": "bash"
      },
      "kernel_version": "6.6.87.2-microsoft-standard-WSL2",
      "os": "ubuntu",
      "os_family": "Linux",
      "os_family_release": "6.6.87.2-microsoft-standard-WSL2",
      "os_version": "24.04",
      "subcommand": "activate"
    },
    "timestamp": "2025-11-03T01:04:07.116278050Z",
    "uuid": "d90d9404-be0d-48f8-8083-b9114b08add0"
  },
  {
    "event": "cli-invocation",
    "properties": {
      "$current_url": "flox://activate",
      "$device_id": "561d2fbe-5204-4431-840c-a96a5c05bf39",
      "$lib": "flox-cli",
      "$os": "Linux",
      "$pathname": "activate",
      "$set": {
        "$os": "Linux",
        "flox_cli_uuid": "561d2fbe-5204-4431-840c-a96a5c05bf39",
        "flox_version": "1.7.4",
        "kernel_version": "6.6.87.2-microsoft-standard-WSL2",
        "os": "ubuntu",
        "os_family": "Linux",
        "os_family_release": "6.6.87.2-microsoft-standard-WSL2",
        "os_version": "24.04",
        "test": true,
        "used_rust_preview": true
      },
      "$set_once": {
        "$initial_os": "Linux",
        "initial_flox_version": "1.7.4",
        "initial_kernel_version": "6.6.87.2-microsoft-standard-WSL2",
        "initial_os": "ubuntu",
        "initial_os_family": "Linux",
        "initial_os_family_release": "6.6.87.2-microsoft-standard-WSL2",
        "initial_os_version": "24.04"
      },
      "ci": false,
      "distinct_id": "561d2fbe-5204-4431-840c-a96a5c05bf39",
      "empty_flags": [],
      "extras": {
        "mode": "dev",
        "path_environment": "mariadb-headless",
        "start_services": "false"
      },
      "kernel_version": "6.6.87.2-microsoft-standard-WSL2",
      "os": "ubuntu",
      "os_family": "Linux",
      "os_family_release": "6.6.87.2-microsoft-standard-WSL2",
      "os_version": "24.04",
      "subcommand": "activate"
    },
    "timestamp": "2025-11-03T01:05:07.364535419Z",
    "uuid": "db489f1d-d782-4c8c-b0fa-f1928cec92af"
  },
  {
    "event": "cli-invocation",
    "properties": {
      "$current_url": "flox://activate",
      "$device_id": "561d2fbe-5204-4431-840c-a96a5c05bf39",
      "$lib": "flox-cli",
      "$os": "Linux",
      "$pathname": "activate",
      "$set": {
        "$os": "Linux",
        "flox_cli_uuid": "561d2fbe-5204-4431-840c-a96a5c05bf39",
        "flox_version": "1.7.4",
        "kernel_version": "6.6.87.2-microsoft-standard-WSL2",
        "os": "ubuntu",
        "os_family": "Linux",
        "os_family_release": "6.6.87.2-microsoft-standard-WSL2",
        "os_version": "24.04",
        "test": true,
        "used_rust_preview": true
      },
      "$set_once": {
        "$initial_os": "Linux",
        "initial_flox_version": "1.7.4",
        "initial_kernel_version": "6.6.87.2-microsoft-standard-WSL2",
        "initial_os": "ubuntu",
        "initial_os_family": "Linux",
        "initial_os_family_release": "6.6.87.2-microsoft-standard-WSL2",
        "initial_os_version": "24.04"
      },
      "ci": false,
      "distinct_id": "561d2fbe-5204-4431-840c-a96a5c05bf39",
      "empty_flags": [],
      "extras": {
        "has_includes": "false"
      },
      "kernel_version": "6.6.87.2-microsoft-standard-WSL2",
      "os": "ubuntu",
      "os_family": "Linux",
      "os_family_release": "6.6.87.2-microsoft-standard-WSL2",
      "os_version": "24.04",
      "subcommand": "activate"
    },
    "timestamp": "2025-11-03T01:05:07.406313121Z",
    "uuid": "6ae5b880-7a53-4cb1-a10d-de1d1f2e8159"
  },
  {
    "event": "cli-invocation",
    "properties": {
      "$current_url": "flox://check-upgrade",
      "$device_id": "561d2fbe-5204-4431-840c-a96a5c05bf39",
      "$lib": "flox-cli",
      "$os": "Linux",
      "$pathname": "check-upgrade",
      "$set": {
        "$os": "Linux",
        "flox_cli_uuid": "561d2fbe-5204-4431-840c-a96a5c05bf39",
        "flox_version": "1.7.4",
        "kernel_version": "6.6.87.2-microsoft-standard-WSL2",
        "os": "ubuntu",
        "os_family": "Linux",
        "os_family_release": "6.6.87.2-microsoft-standard-WSL2",
        "os_version": "24.04",
        "test": true,
        "used_rust_preview": true
      },
      "$set_once": {
        "$initial_os": "Linux",
        "initial_flox_version": "1.7.4",
        "initial_kernel_version": "6.6.87.2-microsoft-standard-WSL2",
        "initial_os": "ubuntu",
        "initial_os_family": "Linux",
        "initial_os_family_release": "6.6.87.2-microsoft-standard-WSL2",
        "initial_os_version": "24.04"
      },
      "ci": false,
      "distinct_id": "561d2fbe-5204-4431-840c-a96a5c05bf39",
      "empty_flags": [],
      "extras": {},
      "kernel_version": "6.6.87.2-microsoft-standard-WSL2",
      "os": "ubuntu",
      "os_family": "Linux",
      "os_family_release": "6.6.87.2-microsoft-standard-WSL2",
      "os_version": "24.04",
      "subcommand": "check-upgrade"
    },
    "timestamp": "2025-11-03T01:05:07.454051732Z",
    "uuid": "1abcf6d7-d305-4c9c-973b-8bd0e9fc358e"
  },
  {
    "event": "cli-invocation",
    "properties": {
      "$current_url": "flox://activate#version",
      "$device_id": "561d2fbe-5204-4431-840c-a96a5c05bf39",
      "$lib": "flox-cli",
      "$os": "Linux",
      "$pathname": "activate#version",
      "$set": {
        "$os": "Linux",
        "flox_cli_uuid": "561d2fbe-5204-4431-840c-a96a5c05bf39",
        "flox_version": "1.7.4",
        "kernel_version": "6.6.87.2-microsoft-standard-WSL2",
        "os": "ubuntu",
        "os_family": "Linux",
        "os_family_release": "6.6.87.2-microsoft-standard-WSL2",
        "os_version": "24.04",
        "test": true,
        "used_rust_preview": true
      },
      "$set_once": {
        "$initial_os": "Linux",
        "initial_flox_version": "1.7.4",
        "initial_kernel_version": "6.6.87.2-microsoft-standard-WSL2",
        "initial_os": "ubuntu",
        "initial_os_family": "Linux",
        "initial_os_family_release": "6.6.87.2-microsoft-standard-WSL2",
        "initial_os_version": "24.04"
      },
      "ci": false,
      "distinct_id": "561d2fbe-5204-4431-840c-a96a5c05bf39",
      "empty_flags": [],
      "extras": {
        "lockfile_version": "1"
      },
      "kernel_version": "6.6.87.2-microsoft-standard-WSL2",
      "os": "ubuntu",
      "os_family": "Linux",
      "os_family_release": "6.6.87.2-microsoft-standard-WSL2",
      "os_version": "24.04",
      "subcommand": "activate#version"
    },
    "timestamp": "2025-11-03T01:05:07.883193709Z",
    "uuid": "ad3b7153-6a64-4754-8058-7267764ce383"
  },
  {
    "event": "cli-invocation",
    "properties": {
      "$current_url": "flox://activate#version",
      "$device_id": "561d2fbe-5204-4431-840c-a96a5c05bf39",
      "$lib": "flox-cli",
      "$os": "Linux",
      "$pathname": "activate#version",
      "$set": {
        "$os": "Linux",
        "flox_cli_uuid": "561d2fbe-5204-4431-840c-a96a5c05bf39",
        "flox_version": "1.7.4",
        "kernel_version": "6.6.87.2-microsoft-standard-WSL2",
        "os": "ubuntu",
        "os_family": "Linux",
        "os_family_release": "6.6.87.2-microsoft-standard-WSL2",
        "os_version": "24.04",
        "test": true,
        "used_rust_preview": true
      },
      "$set_once": {
        "$initial_os": "Linux",
        "initial_flox_version": "1.7.4",
        "initial_kernel_version": "6.6.87.2-microsoft-standard-WSL2",
        "initial_os": "ubuntu",
        "initial_os_family": "Linux",
        "initial_os_family_release": "6.6.87.2-microsoft-standard-WSL2",
        "initial_os_version": "24.04"
      },
      "ci": false,
      "distinct_id": "561d2fbe-5204-4431-840c-a96a5c05bf39",
      "empty_flags": [],
      "extras": {
        "lockfile_version": "1"
      },
      "kernel_version": "6.6.87.2-microsoft-standard-WSL2",
      "os": "ubuntu",
      "os_family": "Linux",
      "os_family_release": "6.6.87.2-microsoft-standard-WSL2",
      "os_version": "24.04",
      "subcommand": "activate#version"
    },
    "timestamp": "2025-11-03T01:05:07.883436680Z",
    "uuid": "7a262afe-a96d-45cd-a219-69a74ab5a1cd"
  },
  {
    "event": "cli-invocation",
    "properties": {
      "$current_url": "flox://activate",
      "$device_id": "561d2fbe-5204-4431-840c-a96a5c05bf39",
      "$lib": "flox-cli",
      "$os": "Linux",
      "$pathname": "activate",
      "$set": {
        "$os": "Linux",
        "flox_cli_uuid": "561d2fbe-5204-4431-840c-a96a5c05bf39",
        "flox_version": "1.7.4",
        "kernel_version": "6.6.87.2-microsoft-standard-WSL2",
        "os": "ubuntu",
        "os_family": "Linux",
        "os_family_release": "6.6.87.2-microsoft-standard-WSL2",
        "os_version": "24.04",
        "test": true,
        "used_rust_preview": true
      },
      "$set_once": {
        "$initial_os": "Linux",
        "initial_flox_version": "1.7.4",
        "initial_kernel_version": "6.6.87.2-microsoft-standard-WSL2",
        "initial_os": "ubuntu",
        "initial_os_family": "Linux",
        "initial_os_family_release": "6.6.87.2-microsoft-standard-WSL2",
        "initial_os_version": "24.04"
      },
      "ci": false,
      "distinct_id": "561d2fbe-5204-4431-840c-a96a5c05bf39",
      "empty_flags": [],
      "extras": {
        "shell": "bash"
      },
      "kernel_version": "6.6.87.2-microsoft-standard-WSL2",
      "os": "ubuntu",
      "os_family": "Linux",
      "os_family_release": "6.6.87.2-microsoft-standard-WSL2",
      "os_version": "24.04",
      "subcommand": "activate"
    },
    "timestamp": "2025-11-03T01:05:07.883664193Z",
    "uuid": "2fb59ab7-bb1d-4271-889a-21fd9995cedd"
  }
]
2025-11-03T01:05:08.611680Z DEBUG flox::utils::metrics: Metrics sent result=Response { url: "https://z7qixlmjr3.execute-api.eu-north-1.amazonaws.com/prod/capture", status: 200, headers: {"date": "Mon, 03 Nov 2025 01:05:08 GMT", "content-type": "application/json", "content-length": "0", "connection": "keep-alive", "x-amzn-requestid": "8ba04ad4-8680-4cd6-b770-8a7e92407888", "x-amz-apigw-id": "TcTm0G7Kgi0EYSw=", "x-amzn-trace-id": "Root=1-6907ffc4-55c3955a26c23728190aa27a;Parent=3a748a936abe677d;Sampled=0"} }
