2025-11-03T01:05:41.482163Z DEBUG flox: FLOX_VERSION=1.7.4
2025-11-03T01:05:41.482366Z DEBUG flox::config: Global config directory overridden path="/home/daedalus/.config/flox"
2025-11-03T01:05:41.482611Z DEBUG flox::utils::init::sentry: Initializing Sentry with DSN: https://85c9526795f5047c99a5247aab616295:@o4506548203094016.ingest.us.sentry.io/4506548241825792
2025-11-03T01:05:41.495502Z DEBUG flox: set _FLOX_PKGDB_VERBOSITY=2
2025-11-03T01:05:41.499160Z DEBUG flox::config: Global config directory overridden path="/home/daedalus/.config/flox"
2025-11-03T01:05:41.500267Z DEBUG flox::commands: Skipping update check in development mode
2025-11-03T01:05:41.500645Z DEBUG flox::commands: Metrics collection enabled
2025-11-03T01:05:41.500784Z DEBUG flox::utils::init::catalog_client: using catalog client with url: https://api.flox.dev
2025-11-03T01:05:41.513573Z DEBUG flox::commands: feature flags configured=Features { upload: false, qa: false }
2025-11-03T01:05:41.513824Z DEBUG check-upgrade: flox::utils::metrics: pushing entry to metrics buffer: MetricEntry { subcommand: Some("check-upgrade"), extras: {}, timestamp: 2025-11-03 1:05:41.513729204 +00:00:00, uuid: 561d2fbe-5204-4431-840c-a96a5c05bf39, flox_version: "1.7.4", os_family: Some("Linux"), os_family_release: Some("6.6.87.2-microsoft-standard-WSL2"), os: Some("ubuntu"), os_version: Some("24.04"), empty_flags: [] }
2025-11-03T01:05:41.527257Z DEBUG check-upgrade: flox_rust_sdk::models::environment: detected concrete environment type: path
2025-11-03T01:05:41.527667Z DEBUG check-upgrade: flox_rust_sdk::providers::upgrade_checks: created unlocked upgrade information guard upgrade_information_path="/home/daedalus/dev/testes/floxenvs/mariadb-headless/.flox/cache/upgrade-checks.json"
2025-11-03T01:05:41.527706Z DEBUG check-upgrade: flox_rust_sdk::providers::upgrade_checks: lock acquired upgrade_information_path="/home/daedalus/dev/testes/floxenvs/mariadb-headless/.flox/cache/upgrade-checks.json"
2025-11-03T01:05:41.527829Z DEBUG check-upgrade:check-upgrade: flox_rust_sdk::models::environment::core_environment: upgrading to_upgrade=""
2025-11-03T01:05:41.527971Z DEBUG check-upgrade:check-upgrade: flox_rust_sdk::models::environment::core_environment: checking group membership for requested packages
2025-11-03T01:05:41.527975Z DEBUG check-upgrade:check-upgrade: flox_rust_sdk::models::environment::core_environment: using catalog client to upgrade
2025-11-03T01:05:41.527977Z DEBUG check-upgrade:check-upgrade: flox_rust_sdk::models::environment::core_environment: upgrading to_upgrade=""
2025-11-03T01:05:41.528479Z DEBUG check-upgrade:check-upgrade:resolve_manifest:resolve: flox_rust_sdk::providers::catalog: resolving package groups n_groups=1
2025-11-03T01:05:42.151868Z DEBUG check-upgrade:check-upgrade:resolve_manifest:resolve: flox_rust_sdk::providers::catalog: received resolved package groups n_groups=1
2025-11-03T01:05:42.152071Z DEBUG check-upgrade:check-upgrade:resolve_manifest: flox_rust_sdk::models::lockfile: no resolution failures detected
2025-11-03T01:05:42.153823Z DEBUG check-upgrade:check-upgrade:build: flox_rust_sdk::providers::buildenv: bulk checking validity of store_paths (paths passed to stdin) cmd=/nix/store/13dd4h1zp953x0ln7yyarr27d581svj0-nix-2.28.4/bin/nix --option extra-experimental-features 'nix-command flakes' path-info --offline --stdin
2025-11-03T01:05:42.194457Z DEBUG check-upgrade:check-upgrade:build: flox_rust_sdk::providers::buildenv: bulk setting gc roots for store_paths cmd="echo '/nix/store/kkw2q24ikm0bm41sk2fya04fb3qk5907-mariadb-server-11.4.8 /nix/store/bj7qlb084hbr73kl5akir4z8nfhnqz54-mariadb-server-11.4.8-man' | /nix/store/13dd4h1zp953x0ln7yyarr27d581svj0-nix-2.28.4/bin/nix --option extra-experimental-features 'nix-command flakes' build --stdin --offline -j 0 --out-link /home/daedalus/.cache/flox/process/.tmpozTfEJ/temp-roots/pre-checked-paths"
2025-11-03T01:05:42.228609Z DEBUG check-upgrade:check-upgrade:build: flox_rust_sdk::providers::buildenv: using 'auto' store
2025-11-03T01:05:42.228652Z DEBUG check-upgrade:check-upgrade:build: flox_rust_sdk::providers::buildenv: building environment cmd=/nix/store/13dd4h1zp953x0ln7yyarr27d581svj0-nix-2.28.4/bin/nix --option extra-experimental-features 'nix-command flakes' --option pure-eval false --print-build-logs build --no-link --offline --json --file /nix/store/pjvxc4gj4yk2h7sh6mj1zsf7kvfarczd-flox-buildenv-0.0.1/lib/buildenv.nix --argstr manifestLock /home/daedalus/.cache/flox/process/.tmpozTfEJ/.tmpNb6dn1
2025-11-03T01:05:42.558568Z DEBUG check-upgrade: flox::commands::check_for_upgrades: Upgrading information with new result. diff={}
2025-11-03T01:05:42.558835Z DEBUG check-upgrade: flox_rust_sdk::providers::upgrade_checks: wrote upgrade information upgrade_information_path="/home/daedalus/dev/testes/floxenvs/mariadb-headless/.flox/cache/upgrade-checks.json"
2025-11-03T01:05:42.558999Z DEBUG flox::commands: removing process tempdir temp_dir="/home/daedalus/.cache/flox/process/.tmpozTfEJ"
