2025-11-03T01:38:41.081033Z 0 [Warning] [MY-010918] [Server] 'default_authentication_plugin' is deprecated and will be removed in a future release. Please use authentication_policy instead.
2025-11-03T01:38:41.081042Z 0 [System] [MY-010116] [Server] /nix/store/qqh5qqmq9kbdd7hj7nnv6wjhlpfkip43-mysql-8.0.43/bin/mysqld (mysqld 8.0.43) starting as process 864730
2025-11-03T01:38:41.093266Z 1 [System] [MY-013576] [InnoDB] InnoDB initialization has started.
2025-11-03T01:38:41.288217Z 1 [System] [MY-013577] [InnoDB] InnoDB initialization has ended.
2025-11-03T01:38:41.452390Z 0 [Warning] [MY-010068] [Server] CA certificate ca.pem is self signed.
2025-11-03T01:38:41.452411Z 0 [System] [MY-013602] [Server] Channel mysql_main configured to support TLS. Encrypted connections are now supported for this channel.
2025-11-03T01:38:41.465545Z 0 [System] [MY-010931] [Server] /nix/store/qqh5qqmq9kbdd7hj7nnv6wjhlpfkip43-mysql-8.0.43/bin/mysqld: ready for connections. Version: '8.0.43'  socket: '/home/daedalus/dev/testes/floxenvs/mysql/.flox/cache/mysql/run/mysql.sock'  port: 13306  Source distribution.
2025-11-03T01:38:43.869527Z 8 [Warning] [MY-013360] [Server] Plugin mysql_native_password reported: ''mysql_native_password' is deprecated and will be removed in a future release. Please use caching_sha2_password instead'
2025-11-03T01:38:43.889767Z 9 [System] [MY-013172] [Server] Received SHUTDOWN from user root. Shutting down mysqld (Version: 8.0.43).
2025-11-03T01:38:44.402801Z 0 [System] [MY-010910] [Server] /nix/store/qqh5qqmq9kbdd7hj7nnv6wjhlpfkip43-mysql-8.0.43/bin/mysqld: Shutdown complete (mysqld 8.0.43)  Source distribution.
2025-11-03T01:38:45.602343Z 0 [Warning] [MY-010918] [Server] 'default_authentication_plugin' is deprecated and will be removed in a future release. Please use authentication_policy instead.
2025-11-03T01:38:45.602354Z 0 [System] [MY-010116] [Server] /nix/store/qqh5qqmq9kbdd7hj7nnv6wjhlpfkip43-mysql-8.0.43/bin/mysqld (mysqld 8.0.43) starting as process 865018
2025-11-03T01:38:45.607352Z 1 [System] [MY-013576] [InnoDB] InnoDB initialization has started.
2025-11-03T01:38:45.767455Z 1 [System] [MY-013577] [InnoDB] InnoDB initialization has ended.
2025-11-03T01:38:45.931192Z 0 [Warning] [MY-010068] [Server] CA certificate ca.pem is self signed.
2025-11-03T01:38:45.931215Z 0 [System] [MY-013602] [Server] Channel mysql_main configured to support TLS. Encrypted connections are now supported for this channel.
2025-11-03T01:38:45.942481Z 0 [System] [MY-010931] [Server] /nix/store/qqh5qqmq9kbdd7hj7nnv6wjhlpfkip43-mysql-8.0.43/bin/mysqld: ready for connections. Version: '8.0.43'  socket: '/home/daedalus/dev/testes/floxenvs/mysql/.flox/cache/mysql/run/mysql.sock'  port: 13306  Source distribution.
2025-11-03T01:59:15.669192Z 0 [System] [MY-013172] [Server] Received SHUTDOWN from user <via user signal>. Shutting down mysqld (Version: 8.0.43).
2025-11-03T01:59:16.496686Z 0 [System] [MY-010910] [Server] /nix/store/qqh5qqmq9kbdd7hj7nnv6wjhlpfkip43-mysql-8.0.43/bin/mysqld: Shutdown complete (mysqld 8.0.43)  Source distribution.
2025-11-03T02:13:59.702035Z 0 [Warning] [MY-010918] [Server] 'default_authentication_plugin' is deprecated and will be removed in a future release. Please use authentication_policy instead.
2025-11-03T02:13:59.702063Z 0 [System] [MY-010116] [Server] /nix/store/qqh5qqmq9kbdd7hj7nnv6wjhlpfkip43-mysql-8.0.43/bin/mysqld (mysqld 8.0.43) starting as process 913789
2025-11-03T02:13:59.715852Z 1 [System] [MY-013576] [InnoDB] InnoDB initialization has started.
2025-11-03T02:13:59.910339Z 1 [System] [MY-013577] [InnoDB] InnoDB initialization has ended.
2025-11-03T02:14:00.113499Z 0 [Warning] [MY-010068] [Server] CA certificate ca.pem is self signed.
2025-11-03T02:14:00.113520Z 0 [System] [MY-013602] [Server] Channel mysql_main configured to support TLS. Encrypted connections are now supported for this channel.
2025-11-03T02:14:00.136468Z 0 [System] [MY-010931] [Server] /nix/store/qqh5qqmq9kbdd7hj7nnv6wjhlpfkip43-mysql-8.0.43/bin/mysqld: ready for connections. Version: '8.0.43'  socket: '/home/daedalus/dev/testes/floxenvs/mysql/.flox/cache/mysql/run/mysql.sock'  port: 13306  Source distribution.
2025-11-03T02:14:04.239261Z 8 [Warning] [MY-013360] [Server] Plugin mysql_native_password reported: ''mysql_native_password' is deprecated and will be removed in a future release. Please use caching_sha2_password instead'
2025-11-03T02:14:04.263408Z 9 [System] [MY-013172] [Server] Received SHUTDOWN from user root. Shutting down mysqld (Version: 8.0.43).
2025-11-03T02:14:04.786425Z 0 [System] [MY-010910] [Server] /nix/store/qqh5qqmq9kbdd7hj7nnv6wjhlpfkip43-mysql-8.0.43/bin/mysqld: Shutdown complete (mysqld 8.0.43)  Source distribution.
