2025-11-03T01:06:51.590107Z DEBUG flox: FLOX_VERSION=1.7.4
2025-11-03T01:06:51.590244Z DEBUG flox::config: Global config directory overridden path="/home/daedalus/.config/flox"
2025-11-03T01:06:51.590426Z DEBUG flox::utils::init::sentry: Initializing Sentry with DSN: https://85c9526795f5047c99a5247aab616295:@o4506548203094016.ingest.us.sentry.io/4506548241825792
2025-11-03T01:06:51.597057Z DEBUG flox: set _FLOX_PKGDB_VERBOSITY=2
2025-11-03T01:06:51.599217Z DEBUG flox::config: Global config directory overridden path="/home/daedalus/.config/flox"
2025-11-03T01:06:51.600299Z DEBUG flox::commands: Skipping update check in development mode
2025-11-03T01:06:51.601269Z DEBUG flox::commands: Metrics collection enabled
2025-11-03T01:06:51.601379Z DEBUG flox::utils::init::catalog_client: using catalog client with url: https://api.flox.dev
2025-11-03T01:06:51.606643Z DEBUG flox::commands: feature flags configured=Features { upload: false, qa: false }
2025-11-03T01:06:51.606855Z DEBUG check-upgrade: flox::utils::metrics: pushing entry to metrics buffer: MetricEntry { subcommand: Some("check-upgrade"), extras: {}, timestamp: 2025-11-03 1:06:51.606765934 +00:00:00, uuid: 561d2fbe-5204-4431-840c-a96a5c05bf39, flox_version: "1.7.4", os_family: Some("Linux"), os_family_release: Some("6.6.87.2-microsoft-standard-WSL2"), os: Some("ubuntu"), os_version: Some("24.04"), empty_flags: [] }
2025-11-03T01:06:51.613027Z DEBUG check-upgrade: flox_rust_sdk::models::environment: detected concrete environment type: path
2025-11-03T01:06:51.613293Z DEBUG check-upgrade: flox_rust_sdk::providers::upgrade_checks: created unlocked upgrade information guard upgrade_information_path="/home/daedalus/dev/testes/floxenvs/mysql-headless/.flox/cache/upgrade-checks.json"
2025-11-03T01:06:51.613319Z DEBUG check-upgrade: flox_rust_sdk::providers::upgrade_checks: lock acquired upgrade_information_path="/home/daedalus/dev/testes/floxenvs/mysql-headless/.flox/cache/upgrade-checks.json"
2025-11-03T01:06:51.613425Z DEBUG check-upgrade:check-upgrade: flox_rust_sdk::models::environment::core_environment: upgrading to_upgrade=""
2025-11-03T01:06:51.613529Z DEBUG check-upgrade:check-upgrade: flox_rust_sdk::models::environment::core_environment: checking group membership for requested packages
2025-11-03T01:06:51.613532Z DEBUG check-upgrade:check-upgrade: flox_rust_sdk::models::environment::core_environment: using catalog client to upgrade
2025-11-03T01:06:51.613533Z DEBUG check-upgrade:check-upgrade: flox_rust_sdk::models::environment::core_environment: upgrading to_upgrade=""
2025-11-03T01:06:51.614017Z DEBUG check-upgrade:check-upgrade:resolve_manifest:resolve: flox_rust_sdk::providers::catalog: resolving package groups n_groups=1
2025-11-03T01:06:51.953226Z DEBUG check-upgrade:check-upgrade:resolve_manifest:resolve: flox_rust_sdk::providers::catalog: received resolved package groups n_groups=1
2025-11-03T01:06:51.954145Z DEBUG check-upgrade:check-upgrade:resolve_manifest: flox_rust_sdk::models::lockfile: no resolution failures detected
2025-11-03T01:06:51.955155Z DEBUG check-upgrade:check-upgrade:build: flox_rust_sdk::providers::buildenv: bulk checking validity of store_paths (paths passed to stdin) cmd=/nix/store/13dd4h1zp953x0ln7yyarr27d581svj0-nix-2.28.4/bin/nix --option extra-experimental-features 'nix-command flakes' path-info --offline --stdin
2025-11-03T01:06:51.980891Z DEBUG check-upgrade:check-upgrade:build: flox_rust_sdk::providers::buildenv: bulk setting gc roots for store_paths cmd="echo '/nix/store/1h5mqgy7n912linfqrhxip8nijs3khri-mysql-8.0.43-static /nix/store/qqh5qqmq9kbdd7hj7nnv6wjhlpfkip43-mysql-8.0.43' | /nix/store/13dd4h1zp953x0ln7yyarr27d581svj0-nix-2.28.4/bin/nix --option extra-experimental-features 'nix-command flakes' build --stdin --offline -j 0 --out-link /home/daedalus/.cache/flox/process/.tmp8p1mcL/temp-roots/pre-checked-paths"
2025-11-03T01:06:52.008218Z DEBUG check-upgrade:check-upgrade:build: flox_rust_sdk::providers::buildenv: using 'auto' store
2025-11-03T01:06:52.008252Z DEBUG check-upgrade:check-upgrade:build: flox_rust_sdk::providers::buildenv: building environment cmd=/nix/store/13dd4h1zp953x0ln7yyarr27d581svj0-nix-2.28.4/bin/nix --option extra-experimental-features 'nix-command flakes' --option pure-eval false --print-build-logs build --no-link --offline --json --file /nix/store/pjvxc4gj4yk2h7sh6mj1zsf7kvfarczd-flox-buildenv-0.0.1/lib/buildenv.nix --argstr manifestLock /home/daedalus/.cache/flox/process/.tmp8p1mcL/.tmpyFFq6b
2025-11-03T01:06:52.039502Z DEBUG check-upgrade: flox::commands::check_for_upgrades: Upgrading information with new result. diff={}
2025-11-03T01:06:52.039642Z DEBUG check-upgrade: flox_rust_sdk::providers::upgrade_checks: wrote upgrade information upgrade_information_path="/home/daedalus/dev/testes/floxenvs/mysql-headless/.flox/cache/upgrade-checks.json"
2025-11-03T01:06:52.039787Z DEBUG flox::commands: removing process tempdir temp_dir="/home/daedalus/.cache/flox/process/.tmp8p1mcL"
