2025-11-02 20:49:47 0 [Note] Starting MariaDB 11.4.8-MariaDB source revision c4ed889b74ed95fa8b4eaf96610d4c1480b346a4 server_uid z2sG6Ay1Aa7LuyemM23vo9VmOj0= as process 880938
2025-11-02 20:49:47 0 [Note] InnoDB: Compressed tables use zlib 1.3.1
2025-11-02 20:49:47 0 [Note] InnoDB: Number of transaction pools: 1
2025-11-02 20:49:47 0 [Note] InnoDB: Using AVX512 instructions
2025-11-02 20:49:47 0 [Note] InnoDB: Using io_uring
2025-11-02 20:49:47 0 [Note] InnoDB: innodb_buffer_pool_size_max=128m, innodb_buffer_pool_size=128m
2025-11-02 20:49:47 0 [Note] InnoDB: Initialized memory pressure event listener
2025-11-02 20:49:47 0 [Note] InnoDB: Completed initialization of buffer pool
2025-11-02 20:49:47 0 [Note] InnoDB: File system buffers for log disabled (block size=4096 bytes)
2025-11-02 20:49:47 0 [Note] InnoDB: End of log at LSN=47763
2025-11-02 20:49:47 0 [Note] InnoDB: Opened 3 undo tablespaces
2025-11-02 20:49:47 0 [Note] InnoDB: 128 rollback segments in 3 undo tablespaces are active.
2025-11-02 20:49:47 0 [Note] InnoDB: Setting file './ibtmp1' size to 12.000MiB. Physically writing the file full; Please wait ...
2025-11-02 20:49:47 0 [Note] InnoDB: File './ibtmp1' size is now 12.000MiB.
2025-11-02 20:49:47 0 [Note] InnoDB: log sequence number 47763; transaction id 14
2025-11-02 20:49:47 0 [Note] InnoDB: Loading buffer pool(s) from /home/daedalus/dev/testes/floxenvs/mariadb-headless/.flox/cache/mariadb-data/data/ib_buffer_pool
2025-11-02 20:49:47 0 [Note] Plugin 'FEEDBACK' is disabled.
2025-11-02 20:49:47 0 [Note] Plugin 'wsrep-provider' is disabled.
2025-11-02 20:49:47 0 [Note] InnoDB: Buffer pool(s) load completed at 251102 20:49:47
2025-11-02 20:49:47 0 [Note] mysqld: Event Scheduler: Loaded 0 events
2025-11-02 20:49:47 0 [Note] mysqld: ready for connections.
Version: '11.4.8-MariaDB'  socket: '/home/daedalus/dev/testes/floxenvs/mariadb-headless/.flox/cache/mariadb-data/run/mysql.sock'  port: 0  MariaDB Server
2025-11-02 20:49:50 3 [Warning] Access denied for user 'root'@'localhost'
2025-11-02 20:49:50 4 [Warning] Access denied for user 'root'@'localhost'
2025-11-02 20:49:50 0 [Note] mysqld (initiated by: unknown): Normal shutdown
2025-11-02 20:49:50 0 [Note] InnoDB: FTS optimize thread exiting.
2025-11-02 20:49:50 0 [Note] InnoDB: Starting shutdown...
2025-11-02 20:49:50 0 [Note] InnoDB: Dumping buffer pool(s) to /home/daedalus/dev/testes/floxenvs/mariadb-headless/.flox/cache/mariadb-data/data/ib_buffer_pool
2025-11-02 20:49:50 0 [Note] InnoDB: Buffer pool(s) dump completed at 251102 20:49:50
2025-11-02 20:49:50 0 [Note] InnoDB: Removed temporary tablespace data file: "./ibtmp1"
2025-11-02 20:49:50 0 [Note] InnoDB: Shutdown completed; log sequence number 47763; transaction id 15
2025-11-02 20:49:50 0 [Note] mysqld: Shutdown complete
